<?xml version="1.0" encoding="UTF-8"?>
<robot generator="Robot 4.1.3 (Python 3.10.0 on win32)" generated="20220215 08:57:29.035" rpa="false" schemaversion="2">
<suite id="s1" name="Verify Valid Credentials Suite" source="C:\Users\pc\final_project\login_suite\verify_valid_credentials_suite.robot">
<test id="s1-t1" name="TC2">
<kw name="Launch Browser" library="common_functionality" type="SETUP">
<kw name="Set Local Variable" library="BuiltIn">
<arg>${driver}</arg>
<arg>chromedriver.exe</arg>
<doc>Makes a variable available everywhere within the local scope.</doc>
<msg timestamp="20220215 08:57:30.595" level="INFO">${driver} = chromedriver.exe</msg>
<status status="PASS" starttime="20220215 08:57:30.587" endtime="20220215 08:57:30.595"/>
</kw>
<if>
<branch type="IF" condition="'${BROWSER_NAME}' == 'firefox'">
<kw name="Set Local Variable" library="BuiltIn">
<arg>${driver}</arg>
<arg>geckodriver.exe</arg>
<doc>Makes a variable available everywhere within the local scope.</doc>
<status status="NOT RUN" starttime="20220215 08:57:30.595" endtime="20220215 08:57:30.595"/>
</kw>
<status status="NOT RUN" starttime="20220215 08:57:30.595" endtime="20220215 08:57:30.595"/>
</branch>
<branch type="ELSE IF" condition="'${BROWSER_NAME}' == 'edge'">
<kw name="Set Local Variable" library="BuiltIn">
<arg>${driver}</arg>
<arg>msedgedriver.exe</arg>
<doc>Makes a variable available everywhere within the local scope.</doc>
<status status="NOT RUN" starttime="20220215 08:57:30.595" endtime="20220215 08:57:30.595"/>
</kw>
<status status="NOT RUN" starttime="20220215 08:57:30.595" endtime="20220215 08:57:30.595"/>
</branch>
<branch type="ELSE IF" condition="'${BROWSER_NAME}' == 'safari'">
<kw name="Set Local Variable" library="BuiltIn">
<arg>${driver}</arg>
<arg>safaridriver.exe</arg>
<doc>Makes a variable available everywhere within the local scope.</doc>
<status status="NOT RUN" starttime="20220215 08:57:30.595" endtime="20220215 08:57:30.595"/>
</kw>
<status status="NOT RUN" starttime="20220215 08:57:30.595" endtime="20220215 08:57:30.595"/>
</branch>
<status status="PASS" starttime="20220215 08:57:30.595" endtime="20220215 08:57:30.595"/>
</if>
<kw name="Open Browser" library="SeleniumLibrary">
<arg>browser=${BROWSER_NAME}</arg>
<arg>executable_path=${EXECDIR}${/}driver${/}${driver}</arg>
<doc>Opens a new browser instance to the optional ``url``.</doc>
<msg timestamp="20220215 08:57:30.595" level="INFO">Opening browser 'chrome' to base url 'None'.</msg>
<status status="PASS" starttime="20220215 08:57:30.595" endtime="20220215 08:57:31.850"/>
</kw>
<kw name="Maximize Browser Window" library="SeleniumLibrary">
<doc>Maximizes current browser window.</doc>
<status status="PASS" starttime="20220215 08:57:31.850" endtime="20220215 08:57:32.010"/>
</kw>
<kw name="Set Selenium Implicit Wait" library="SeleniumLibrary">
<arg>30s</arg>
<doc>Sets the implicit wait value used by Selenium.</doc>
<status status="PASS" starttime="20220215 08:57:32.018" endtime="20220215 08:57:32.018"/>
</kw>
<kw name="Set Screenshot Directory" library="SeleniumLibrary">
<arg>${EXECDIR}${/}screenshot</arg>
<doc>Sets the directory for captured screenshots.</doc>
<status status="PASS" starttime="20220215 08:57:32.018" endtime="20220215 08:57:32.018"/>
</kw>
<kw name="Go To" library="SeleniumLibrary">
<arg>url=${URL}</arg>
<doc>Navigates the current browser window to the provided ``url``.</doc>
<msg timestamp="20220215 08:57:32.018" level="INFO">Opening url 'https://phptravels.net/'</msg>
<status status="PASS" starttime="20220215 08:57:32.018" endtime="20220215 08:57:38.563"/>
</kw>
<kw name="Click Element" library="SeleniumLibrary">
<arg>xpath=//a[@class='theme-btn theme-btn-small theme-btn-transparent ml-1 waves-effect']</arg>
<doc>Click the element identified by ``locator``.</doc>
<msg timestamp="20220215 08:57:38.571" level="INFO">Clicking element 'xpath=//a[@class='theme-btn theme-btn-small theme-btn-transparent ml-1 waves-effect']'.</msg>
<status status="PASS" starttime="20220215 08:57:38.563" endtime="20220215 08:57:39.828"/>
</kw>
<status status="PASS" starttime="20220215 08:57:30.587" endtime="20220215 08:57:39.828"/>
</kw>
<kw name="Verify Valid Credentials Template">
<arg>nithishvjsai@gmail.com</arg>
<arg>Apache23#</arg>
<arg>Dashboard - PHPTRAVELS</arg>
<kw name="Enter Username" library="login_page">
<arg>${username}</arg>
<kw name="Input Text" library="SeleniumLibrary">
<arg>${USERNAME_LOCATOR}</arg>
<arg>${username}</arg>
<doc>Types the given ``text`` into the text field identified by ``locator``.</doc>
<msg timestamp="20220215 08:57:39.828" level="INFO">Typing text 'nithishvjsai@gmail.com' into text field 'name=email'.</msg>
<status status="PASS" starttime="20220215 08:57:39.828" endtime="20220215 08:57:39.988"/>
</kw>
<status status="PASS" starttime="20220215 08:57:39.828" endtime="20220215 08:57:39.988"/>
</kw>
<kw name="Enter Password" library="login_page">
<arg>${password}</arg>
<kw name="Input Password" library="SeleniumLibrary">
<arg>${PASSWORD_LOCATOR}</arg>
<arg>${password}</arg>
<doc>Types the given password into the text field identified by ``locator``.</doc>
<msg timestamp="20220215 08:57:39.988" level="INFO">Typing password into text field 'name=password'.</msg>
<msg timestamp="20220215 08:57:40.044" level="INFO">Temporally setting log level to: NONE</msg>
<msg timestamp="20220215 08:57:40.108" level="INFO">Log level changed from NONE to INFO.</msg>
<status status="PASS" starttime="20220215 08:57:39.988" endtime="20220215 08:57:40.108"/>
</kw>
<status status="PASS" starttime="20220215 08:57:39.988" endtime="20220215 08:57:40.108"/>
</kw>
<kw name="Click Login" library="login_page">
<kw name="Click Element" library="SeleniumLibrary">
<arg>${LOGIN_LOCATOR}</arg>
<doc>Click the element identified by ``locator``.</doc>
<msg timestamp="20220215 08:57:40.108" level="INFO">Clicking element 'xpath=//button[@class='btn btn-default btn-lg btn-block effect ladda-button waves-effect']'.</msg>
<status status="PASS" starttime="20220215 08:57:40.108" endtime="20220215 08:57:42.004"/>
</kw>
<status status="PASS" starttime="20220215 08:57:40.108" endtime="20220215 08:57:42.004"/>
</kw>
<kw name="Main Page Title Should be" library="main_page">
<arg>${expected_title}</arg>
<kw name="Title Should Be" library="SeleniumLibrary">
<arg>${expected_title}</arg>
<doc>Verifies that the current page title equals ``title``.</doc>
<msg timestamp="20220215 08:57:42.036" level="WARN">Keyword 'Capture Page Screenshot' could not be run on failure: Message: no such window: target window already closed
from unknown error: web view not found
  (Session info: chrome=98.0.4758.82)
Stacktrace:
Backtrace:
	Ordinal0 [0x002D7AC3+2587331]
	Ordinal0 [0x0026ADD1+2141649]
	Ordinal0 [0x00163BB8+1063864]
	Ordinal0 [0x0014C5D0+968144]
	Ordinal0 [0x001AAE49+1355337]
	Ordinal0 [0x001B8192+1409426]
	Ordinal0 [0x001A84A6+1344678]
	Ordinal0 [0x001853F6+1201142]
	Ordinal0 [0x001862E6+1204966]
	GetHandleVerifier [0x0047DF22+1680738]
	GetHandleVerifier [0x00530DBC+2413564]
	GetHandleVerifier [0x0036D151+563089]
	GetHandleVerifier [0x0036BF13+558419]
	Ordinal0 [0x0027081E+2164766]
	Ordinal0 [0x00275508+2184456]
	Ordinal0 [0x00275650+2184784]
	Ordinal0 [0x0027F5BC+2225596]
	BaseThreadInitThunk [0x75A38744+36]
	RtlGetAppContainerNamedObjectPath [0x76FF587D+253]
	RtlGetAppContainerNamedObjectPath [0x76FF584D+205]
	(No symbol) [0x00000000]
</msg>
<msg timestamp="20220215 08:57:42.052" level="FAIL">